
Showing logs for build [32mcb-kubecd-bdd-spring-1582439341-w6ggq-1[0m stage [32mfrom-build-pack[0m and container [32mstep-credential-initializer-9hdfn[0m
{"level":"warn","ts":1582440237.813356,"logger":"fallback-logger","caller":"logging/config.go:69","msg":"Fetch GitHub commit ID from kodata failed: \"ref: refs/heads/0.8.0-**-support-backwards-incompats\" is not a valid GitHub commit ID"}
{"level":"info","ts":1582440237.81395,"logger":"fallback-logger","caller":"creds-init/main.go:40","msg":"Credentials initialized."}

Showing logs for build [32mcb-kubecd-bdd-spring-1582439341-w6ggq-1[0m stage [32mfrom-build-pack[0m and container [32mstep-working-dir-initializer-pgw46[0m
{"level":"warn","ts":1582440238.8206515,"logger":"fallback-logger","caller":"logging/config.go:69","msg":"Fetch GitHub commit ID from kodata failed: open /var/run/ko/HEAD: no such file or directory"}
{"level":"info","ts":1582440238.8226054,"logger":"fallback-logger","caller":"bash/main.go:64","msg":"Successfully executed command \"sh -c mkdir -p /workspace/source\"; output "}

Showing logs for build [32mcb-kubecd-bdd-spring-1582439341-w6ggq-1[0m stage [32mfrom-build-pack[0m and container [32mstep-place-tools[0m

Showing logs for build [32mcb-kubecd-bdd-spring-1582439341-w6ggq-1[0m stage [32mfrom-build-pack[0m and container [32mstep-git-source-cb-kubecd-bdd-spring-1582439341-w6ggq-d8mmf[0m
{"level":"warn","ts":1582440247.955415,"logger":"fallback-logger","caller":"logging/config.go:69","msg":"Fetch GitHub commit ID from kodata failed: \"ref: refs/heads/0.8.0-**-support-backwards-incompats\" is not a valid GitHub commit ID"}
{"level":"info","ts":1582440249.277043,"logger":"fallback-logger","caller":"git/git.go:103","msg":"Successfully cloned https://github.com/cb-kubecd/bdd-spring-1582439341.git @ master in path /workspace/source"}

Showing logs for build [32mcb-kubecd-bdd-spring-1582439341-w6ggq-1[0m stage [32mfrom-build-pack[0m and container [32mstep-git-merge[0m
Using SHAs from PULL_REFS=master:a5a94cb358c9c8cb1a6d9a7b3cea8e3320df4836,1:ad1814746025863809aebac4acf92f173305afd5
DEBUG: LC_ALL=C JX_LOG_LEVEL=error git fetch origin --unshallow ad1814746025863809aebac4acf92f173305afd5: a5a94cb358c9c8cb1a6d9a7b3cea8e3320df4836:
DEBUG: ran git fetch --unshallow origin ad1814746025863809aebac4acf92f173305afd5: a5a94cb358c9c8cb1a6d9a7b3cea8e3320df4836: in 
DEBUG: LC_ALL=C JX_LOG_LEVEL=error git branch
DEBUG: LC_ALL=C JX_LOG_LEVEL=error git checkout master
DEBUG: ran git checkout master in 
DEBUG: LC_ALL=C JX_LOG_LEVEL=error git reset --hard a5a94cb358c9c8cb1a6d9a7b3cea8e3320df4836
DEBUG: ran git reset --hard a5a94cb358c9c8cb1a6d9a7b3cea8e3320df4836 in 
DEBUG: LC_ALL=C JX_LOG_LEVEL=error git clean -fd .
DEBUG: ran clean --force -d . in 
DEBUG: LC_ALL=C JX_LOG_LEVEL=error git merge ad1814746025863809aebac4acf92f173305afd5
DEBUG: ran git merge ad1814746025863809aebac4acf92f173305afd5 in 
DEBUG: LC_ALL=C JX_LOG_LEVEL=error git log --format=%H%x1f%an%x1f%ae%x1f%cn%x1f%ce%x1f%s%n%b%x1e a5a94cb358c9c8cb1a6d9a7b3cea8e3320df4836..HEAD
Merged SHA ad1814746025863809aebac4acf92f173305afd5 with commit message 'My first PR commit' into base branch master

Showing logs for build [32mcb-kubecd-bdd-spring-1582439341-w6ggq-1[0m stage [32mfrom-build-pack[0m and container [32mstep-build-set-version[0m
Picked up _JAVA_OPTIONS: -XX:+UnlockExperimentalVMOptions -XX:+UseCGroupMemoryLimitForHeap -Dsun.zip.disableMemoryMapping=true -XX:+UseParallelGC -XX:MinHeapFreeRatio=5 -XX:MaxHeapFreeRatio=10 -XX:GCTimeRatio=4 -XX:AdaptiveSizePolicyWeight=90 -Xms10m -Xmx192m
OpenJDK 64-Bit Server VM warning: If the number of processors is expected to increase from one, then you should configure the number of parallel GC threads appropriately using -XX:ParallelGCThreads=N
[INFO] Scanning for projects...
[INFO] 
[INFO] -----------------< com.example:bdd-spring-1582439341 >------------------
[INFO] Building demo 0.0.1-SNAPSHOT
[INFO] --------------------------------[ jar ]---------------------------------
[INFO] 
[INFO] --- versions-maven-plugin:2.7:set (default-cli) @ bdd-spring-1582439341 ---
[INFO] Searching for local aggregator root...
[INFO] Local aggregation root: /workspace/source
[INFO] Processing change of com.example:bdd-spring-1582439341:0.0.1-SNAPSHOT -> 0.0.0-SNAPSHOT-PR-1-1
[INFO] Processing com.example:bdd-spring-1582439341
[INFO]     Updating project com.example:bdd-spring-1582439341
[INFO]         from version 0.0.1-SNAPSHOT to 0.0.0-SNAPSHOT-PR-1-1
[INFO] 
[INFO] ------------------------------------------------------------------------
[INFO] BUILD SUCCESS
[INFO] ------------------------------------------------------------------------
[INFO] Total time:  24.992 s
[INFO] Finished at: 2020-02-23T06:44:43Z
[INFO] ------------------------------------------------------------------------

Showing logs for build [32mcb-kubecd-bdd-spring-1582439341-w6ggq-1[0m stage [32mfrom-build-pack[0m and container [32mstep-build-mvn-install[0m
Picked up _JAVA_OPTIONS: -XX:+UnlockExperimentalVMOptions -XX:+UseCGroupMemoryLimitForHeap -Dsun.zip.disableMemoryMapping=true -XX:+UseParallelGC -XX:MinHeapFreeRatio=5 -XX:MaxHeapFreeRatio=10 -XX:GCTimeRatio=4 -XX:AdaptiveSizePolicyWeight=90 -Xms10m -Xmx192m
OpenJDK 64-Bit Server VM warning: If the number of processors is expected to increase from one, then you should configure the number of parallel GC threads appropriately using -XX:ParallelGCThreads=N
[INFO] Scanning for projects...
[INFO] 
[INFO] -----------------< com.example:bdd-spring-1582439341 >------------------
[INFO] Building demo 0.0.0-SNAPSHOT-PR-1-1
[INFO] --------------------------------[ jar ]---------------------------------
[INFO] 
[INFO] --- maven-resources-plugin:3.1.0:resources (default-resources) @ bdd-spring-1582439341 ---
[INFO] Using 'UTF-8' encoding to copy filtered resources.
[INFO] Copying 1 resource
[INFO] Copying 0 resource
[INFO] 
[INFO] --- maven-compiler-plugin:3.8.1:compile (default-compile) @ bdd-spring-1582439341 ---
[INFO] Changes detected - recompiling the module!
[INFO] Compiling 1 source file to /workspace/source/target/classes
[INFO] 
[INFO] --- maven-resources-plugin:3.1.0:testResources (default-testResources) @ bdd-spring-1582439341 ---
[INFO] Using 'UTF-8' encoding to copy filtered resources.
[INFO] skip non existing resourceDirectory /workspace/source/src/test/resources
[INFO] 
[INFO] --- maven-compiler-plugin:3.8.1:testCompile (default-testCompile) @ bdd-spring-1582439341 ---
[INFO] Changes detected - recompiling the module!
[INFO] Compiling 1 source file to /workspace/source/target/test-classes
[INFO] 
[INFO] --- maven-surefire-plugin:3.0.0-M1:test (default-test) @ bdd-spring-1582439341 ---
[INFO] 
[INFO] -------------------------------------------------------
[INFO]  T E S T S
[INFO] -------------------------------------------------------
[INFO] Running com.example.bddspring1582439341.DemoApplicationTests
06:45:09.130 [main] DEBUG org.springframework.test.context.BootstrapUtils - Instantiating CacheAwareContextLoaderDelegate from class [org.springframework.test.context.cache.DefaultCacheAwareContextLoaderDelegate]
06:45:09.162 [main] DEBUG org.springframework.test.context.BootstrapUtils - Instantiating BootstrapContext using constructor [public org.springframework.test.context.support.DefaultBootstrapContext(java.lang.Class,org.springframework.test.context.CacheAwareContextLoaderDelegate)]
06:45:09.263 [main] DEBUG org.springframework.test.context.BootstrapUtils - Instantiating TestContextBootstrapper for test class [com.example.bddspring1582439341.DemoApplicationTests] from class [org.springframework.boot.test.context.SpringBootTestContextBootstrapper]
06:45:09.356 [main] INFO org.springframework.boot.test.context.SpringBootTestContextBootstrapper - Neither @ContextConfiguration nor @ContextHierarchy found for test class [com.example.bddspring1582439341.DemoApplicationTests], using SpringBootContextLoader
06:45:09.369 [main] DEBUG org.springframework.test.context.support.AbstractContextLoader - Did not detect default resource location for test class [com.example.bddspring1582439341.DemoApplicationTests]: class path resource [com/example/bddspring1582439341/DemoApplicationTests-context.xml] does not exist
06:45:09.369 [main] DEBUG org.springframework.test.context.support.AbstractContextLoader - Did not detect default resource location for test class [com.example.bddspring1582439341.DemoApplicationTests]: class path resource [com/example/bddspring1582439341/DemoApplicationTestsContext.groovy] does not exist
06:45:09.370 [main] INFO org.springframework.test.context.support.AbstractContextLoader - Could not detect default resource locations for test class [com.example.bddspring1582439341.DemoApplicationTests]: no resource found for suffixes {-context.xml, Context.groovy}.
06:45:09.371 [main] INFO org.springframework.test.context.support.AnnotationConfigContextLoaderUtils - Could not detect default configuration classes for test class [com.example.bddspring1582439341.DemoApplicationTests]: DemoApplicationTests does not declare any static, non-private, non-final, nested classes annotated with @Configuration.
06:45:09.465 [main] DEBUG org.springframework.test.context.support.ActiveProfilesUtils - Could not find an 'annotation declaring class' for annotation type [org.springframework.test.context.ActiveProfiles] and class [com.example.bddspring1582439341.DemoApplicationTests]
06:45:09.680 [main] DEBUG org.springframework.context.annotation.ClassPathScanningCandidateComponentProvider - Identified candidate component class: file [/workspace/source/target/classes/com/example/bddspring1582439341/DemoApplication.class]
06:45:09.683 [main] INFO org.springframework.boot.test.context.SpringBootTestContextBootstrapper - Found @SpringBootConfiguration com.example.bddspring1582439341.DemoApplication for test class com.example.bddspring1582439341.DemoApplicationTests
06:45:09.945 [main] DEBUG org.springframework.boot.test.context.SpringBootTestContextBootstrapper - @TestExecutionListeners is not present for class [com.example.bddspring1582439341.DemoApplicationTests]: using defaults.
06:45:09.946 [main] INFO org.springframework.boot.test.context.SpringBootTestContextBootstrapper - Loaded default TestExecutionListener class names from location [META-INF/spring.factories]: [org.springframework.boot.test.mock.mockito.MockitoTestExecutionListener, org.springframework.boot.test.mock.mockito.ResetMocksTestExecutionListener, org.springframework.boot.test.autoconfigure.restdocs.RestDocsTestExecutionListener, org.springframework.boot.test.autoconfigure.web.client.MockRestServiceServerResetTestExecutionListener, org.springframework.boot.test.autoconfigure.web.servlet.MockMvcPrintOnlyOnFailureTestExecutionListener, org.springframework.boot.test.autoconfigure.web.servlet.WebDriverTestExecutionListener, org.springframework.test.context.web.ServletTestExecutionListener, org.springframework.test.context.support.DirtiesContextBeforeModesTestExecutionListener, org.springframework.test.context.support.DependencyInjectionTestExecutionListener, org.springframework.test.context.support.DirtiesContextTestExecutionListener, org.springframework.test.context.transaction.TransactionalTestExecutionListener, org.springframework.test.context.jdbc.SqlScriptsTestExecutionListener, org.springframework.test.context.event.EventPublishingTestExecutionListener]
06:45:09.985 [main] DEBUG org.springframework.boot.test.context.SpringBootTestContextBootstrapper - Skipping candidate TestExecutionListener [org.springframework.test.context.transaction.TransactionalTestExecutionListener] due to a missing dependency. Specify custom listener classes or make the default listener classes and their required dependencies available. Offending class: [org/springframework/transaction/interceptor/TransactionAttributeSource]
06:45:09.994 [main] DEBUG org.springframework.boot.test.context.SpringBootTestContextBootstrapper - Skipping candidate TestExecutionListener [org.springframework.test.context.jdbc.SqlScriptsTestExecutionListener] due to a missing dependency. Specify custom listener classes or make the default listener classes and their required dependencies available. Offending class: [org/springframework/transaction/interceptor/TransactionAttribute]
06:45:09.998 [main] INFO org.springframework.boot.test.context.SpringBootTestContextBootstrapper - Using TestExecutionListeners: [org.springframework.test.context.web.ServletTestExecutionListener@67c33749, org.springframework.test.context.support.DirtiesContextBeforeModesTestExecutionListener@fba92d3, org.springframework.boot.test.mock.mockito.MockitoTestExecutionListener@662b4c69, org.springframework.boot.test.autoconfigure.SpringBootDependencyInjectionTestExecutionListener@fa49800, org.springframework.test.context.support.DirtiesContextTestExecutionListener@71238fc2, org.springframework.test.context.event.EventPublishingTestExecutionListener@2a54a73f, org.springframework.boot.test.mock.mockito.ResetMocksTestExecutionListener@16a0ee18, org.springframework.boot.test.autoconfigure.restdocs.RestDocsTestExecutionListener@3d6f0054, org.springframework.boot.test.autoconfigure.web.client.MockRestServiceServerResetTestExecutionListener@505fc5a4, org.springframework.boot.test.autoconfigure.web.servlet.MockMvcPrintOnlyOnFailureTestExecutionListener@5fbdfdcf, org.springframework.boot.test.autoconfigure.web.servlet.WebDriverTestExecutionListener@4efc180e]
06:45:10.034 [main] DEBUG org.springframework.test.context.support.AbstractDirtiesContextTestExecutionListener - Before test class: context [DefaultTestContext@f736069 testClass = DemoApplicationTests, testInstance = [null], testMethod = [null], testException = [null], mergedContextConfiguration = [WebMergedContextConfiguration@6da21078 testClass = DemoApplicationTests, locations = '{}', classes = '{class com.example.bddspring1582439341.DemoApplication}', contextInitializerClasses = '[]', activeProfiles = '{}', propertySourceLocations = '{}', propertySourceProperties = '{org.springframework.boot.test.context.SpringBootTestContextBootstrapper=true}', contextCustomizers = set[org.springframework.boot.test.context.filter.ExcludeFilterContextCustomizer@163e4e87, org.springframework.boot.test.json.DuplicateJsonObjectContextCustomizerFactory$DuplicateJsonObjectContextCustomizer@12b0404f, org.springframework.boot.test.mock.mockito.MockitoContextCustomizer@0, org.springframework.boot.test.web.client.TestRestTemplateContextCustomizer@5ccddd20, org.springframework.boot.test.autoconfigure.properties.PropertyMappingContextCustomizer@0, org.springframework.boot.test.autoconfigure.web.servlet.WebDriverContextCustomizerFactory$Customizer@2f7c2f4f], resourceBasePath = 'src/main/webapp', contextLoader = 'org.springframework.boot.test.context.SpringBootContextLoader', parent = [null]], attributes = map['org.springframework.test.context.web.ServletTestExecutionListener.activateListener' -> true]], class annotated with @DirtiesContext [false] with mode [null].
06:45:10.176 [main] DEBUG org.springframework.test.context.support.TestPropertySourceUtils - Adding inlined properties to environment: {spring.jmx.enabled=false, org.springframework.boot.test.context.SpringBootTestContextBootstrapper=true, server.port=-1}

  .   ____          _            __ _ _
 /\\ / ___'_ __ _ _(_)_ __  __ _ \ \ \ \
( ( )\___ | '_ | '_| | '_ \/ _` | \ \ \ \
 \\/  ___)| |_)| | | | | || (_| |  ) ) ) )
  '  |____| .__|_| |_|_| |_\__, | / / / /
 =========|_|==============|___/=/_/_/_/
 :: Spring Boot ::        (v2.2.4.RELEASE)

2020-02-23 06:45:11.145  INFO 62 --- [           main] c.e.b.DemoApplicationTests               : Starting DemoApplicationTests on cb-kubecd-bdd-spring-1582439341-w6ggq-1-from-build-pack-ptndh-p with PID 62 (started by root in /workspace/source)
2020-02-23 06:45:11.159  INFO 62 --- [           main] c.e.b.DemoApplicationTests               : No active profile set, falling back to default profiles: default
2020-02-23 06:45:19.973  INFO 62 --- [           main] o.s.s.concurrent.ThreadPoolTaskExecutor  : Initializing ExecutorService 'applicationTaskExecutor'
2020-02-23 06:45:21.934  INFO 62 --- [           main] o.s.b.a.e.web.EndpointLinksResolver      : Exposing 2 endpoint(s) beneath base path '/actuator'
2020-02-23 06:45:22.149  INFO 62 --- [           main] c.e.b.DemoApplicationTests               : Started DemoApplicationTests in 11.941 seconds (JVM running for 15.088)
[INFO] Tests run: 1, Failures: 0, Errors: 0, Skipped: 0, Time elapsed: 14.098 s - in com.example.bddspring1582439341.DemoApplicationTests
2020-02-23 06:45:23.055  INFO 62 --- [extShutdownHook] o.s.s.concurrent.ThreadPoolTaskExecutor  : Shutting down ExecutorService 'applicationTaskExecutor'
[INFO] 
[INFO] Results:
[INFO] 
[INFO] Tests run: 1, Failures: 0, Errors: 0, Skipped: 0
[INFO] 
[INFO] 
[INFO] --- maven-jar-plugin:3.1.2:jar (default-jar) @ bdd-spring-1582439341 ---
[INFO] Building jar: /workspace/source/target/bdd-spring-1582439341-0.0.0-SNAPSHOT-PR-1-1.jar
[INFO] 
[INFO] --- spring-boot-maven-plugin:2.2.4.RELEASE:repackage (repackage) @ bdd-spring-1582439341 ---
[INFO] Replacing main artifact with repackaged archive
[INFO] 
[INFO] --- maven-install-plugin:2.5.2:install (default-install) @ bdd-spring-1582439341 ---
[INFO] Installing /workspace/source/target/bdd-spring-1582439341-0.0.0-SNAPSHOT-PR-1-1.jar to /home/jenkins/.mvnrepository/com/example/bdd-spring-1582439341/0.0.0-SNAPSHOT-PR-1-1/bdd-spring-1582439341-0.0.0-SNAPSHOT-PR-1-1.jar
[INFO] Installing /workspace/source/pom.xml to /home/jenkins/.mvnrepository/com/example/bdd-spring-1582439341/0.0.0-SNAPSHOT-PR-1-1/bdd-spring-1582439341-0.0.0-SNAPSHOT-PR-1-1.pom
[INFO] ------------------------------------------------------------------------
[INFO] BUILD SUCCESS
[INFO] ------------------------------------------------------------------------
[INFO] Total time:  41.612 s
[INFO] Finished at: 2020-02-23T06:45:29Z
[INFO] ------------------------------------------------------------------------

Showing logs for build [32mcb-kubecd-bdd-spring-1582439341-w6ggq-1[0m stage [32mfrom-build-pack[0m and container [32mstep-build-skaffold-version[0m
v1.0.1

Showing logs for build [32mcb-kubecd-bdd-spring-1582439341-w6ggq-1[0m stage [32mfrom-build-pack[0m and container [32mstep-build-container-build[0m
[36mINFO[0m[0000] Downloading base image openjdk:8-jdk-slim    
ERROR: logging before flag.Parse: E0223 06:45:32.142299      10 metadata.go:142] while reading 'google-dockercfg' metadata: http status code: 404 while fetching url http://metadata.google.internal./computeMetadata/v1/instance/attributes/google-dockercfg
ERROR: logging before flag.Parse: E0223 06:45:32.147898      10 metadata.go:159] while reading 'google-dockercfg-url' metadata: http status code: 404 while fetching url http://metadata.google.internal./computeMetadata/v1/instance/attributes/google-dockercfg-url
2020/02/23 06:45:32 No matching credentials were found, falling back on anonymous
[36mINFO[0m[0001] Error while retrieving image from cache: getting file info: stat /workspace/sha256:f3866dd8be6d27d0e09ed483cf0ffb3b3c21e76ccd766b3a4b629a43cae9c94c: no such file or directory 
[36mINFO[0m[0001] Downloading base image openjdk:8-jdk-slim    
2020/02/23 06:45:33 No matching credentials were found, falling back on anonymous
[36mINFO[0m[0002] cmd: EXPOSE                                  
[36mINFO[0m[0002] Adding exposed port: 8080/tcp                
[36mINFO[0m[0002] Using files from context: [/workspace/source/pom.xml] 
[36mINFO[0m[0002] Using files from context: [/workspace/source/target/bdd-spring-1582439341-0.0.0-SNAPSHOT-PR-1-1.jar] 
[36mINFO[0m[0002] Skipping unpacking as no commands require it. 
[36mINFO[0m[0002] Taking snapshot of full filesystem...        
[36mINFO[0m[0002] ENV PORT 8080                                
[36mINFO[0m[0002] No files changed in this command, skipping snapshotting. 
[36mINFO[0m[0002] ENV CLASSPATH /opt/lib                       
[36mINFO[0m[0002] No files changed in this command, skipping snapshotting. 
[36mINFO[0m[0002] EXPOSE 8080                                  
[36mINFO[0m[0002] cmd: EXPOSE                                  
[36mINFO[0m[0002] Adding exposed port: 8080/tcp                
[36mINFO[0m[0002] No files changed in this command, skipping snapshotting. 
[36mINFO[0m[0002] Using files from context: [/workspace/source/pom.xml] 
[36mINFO[0m[0002] COPY pom.xml target/lib* /opt/lib/           
[36mINFO[0m[0002] Taking snapshot of files...                  
[36mINFO[0m[0002] Using files from context: [/workspace/source/target/bdd-spring-1582439341-0.0.0-SNAPSHOT-PR-1-1.jar] 
[36mINFO[0m[0002] COPY target/*.jar /opt/app.jar               
[36mINFO[0m[0002] Taking snapshot of files...                  
[36mINFO[0m[0002] WORKDIR /opt                                 
[36mINFO[0m[0002] cmd: workdir                                 
[36mINFO[0m[0002] Changed working directory to /opt            
[36mINFO[0m[0002] No files changed in this command, skipping snapshotting. 
[36mINFO[0m[0002] CMD ["java", "-XX:+UnlockExperimentalVMOptions", "-XX:+UseCGroupMemoryLimitForHeap", "-jar", "app.jar"] 
[36mINFO[0m[0002] No files changed in this command, skipping snapshotting. 
2020/02/23 06:45:35 existing blob: sha256:4836bf357bc05fde276db1412eb17d9c5ae12fc0751947bd3cbef5879f5ee955
2020/02/23 06:45:35 existing blob: sha256:d1d06863bb82bdc3f4cd17d49c0dee8720f91c4d9e40cce1b4a691f9459266be
2020/02/23 06:45:35 existing blob: sha256:bc51dd8edc1b1132bb97827ed6bd16aac332b03fb03d4c02d2088067a5fbb499
2020/02/23 06:45:35 existing blob: sha256:6dc6df7db36a5a1267aa98ac410ecdbf10e39333a934539ecbc78a1283016206
2020/02/23 06:45:38 pushed blob: sha256:d3f22e4e6607d20b21f45a1b4c47ac02560e12c98c966648281fa0070c1e841a
2020/02/23 06:45:38 pushed blob: sha256:b30caa48c6739968d23a84c6a5c40bc016a1431f59a8a2011fad8123b9114425
2020/02/23 06:45:40 pushed blob: sha256:5eb498e14694a636458c7811cd21a4a8f131c839667e26939bfc548a32ea69f1
2020/02/23 06:45:41 gcr.io/jenkins-x-bdd3/bdd-spring-1582439341:0.0.0-SNAPSHOT-PR-1-1: digest: sha256:efa63183023578dca758f15fdd0e2a1bec4ae3044f74f3ae04e55e55abda798b size: 1244

Showing logs for build [32mcb-kubecd-bdd-spring-1582439341-w6ggq-1[0m stage [32mfrom-build-pack[0m and container [32mstep-postbuild-post-build[0m
no CVE provider running in the current ** namespace so skip adding image to be analysed

Showing logs for build [32mcb-kubecd-bdd-spring-1582439341-w6ggq-1[0m stage [32mfrom-build-pack[0m and container [32mstep-promote-make-preview[0m
sed -i -e "s/version:.*/version: 0.0.0-SNAPSHOT-PR-1-1/" Chart.yaml
sed -i -e "s/version:.*/version: 0.0.0-SNAPSHOT-PR-1-1/" ../*/Chart.yaml
sed -i -e "s|repository:.*|repository: gcr.io\/jenkins-x-bdd3\/bdd-spring-1582439341|" values.yaml
sed -i -e "s/tag:.*/tag: 0.0.0-SNAPSHOT-PR-1-1/" values.yaml
echo "  version: 0.0.0-SNAPSHOT-PR-1-1" >> requirements.yaml
** step helm build
WARNING: No $CHART_REPOSITORY defined so using the default value of: http://jenkins-x-chartmuseum:8080
Adding missing Helm repo: storage.googleapis.com https://storage.googleapis.com/chartmuseum.jenkins-x.io
WARNING: No secrets found on "helm/repos" due: reading the secret "helm/repos" from vault: no secret "helm/repos" not found in vault
Read credentials for https://storage.googleapis.com/chartmuseum.jenkins-x.io from vault helm/repos
Successfully added Helm repository storage.googleapis.com.
Adding missing Helm repo: jenkins-x-chartmuseum http://jenkins-x-chartmuseum:8080
WARNING: No secrets found on "helm/repos" due: reading the secret "helm/repos" from vault: no secret "helm/repos" not found in vault
Read credentials for http://jenkins-x-chartmuseum:8080 from vault helm/repos
Successfully added Helm repository jenkins-x-chartmuseum.
WARNING: No $CHART_REPOSITORY defined so using the default value of: http://jenkins-x-chartmuseum:8080
Adding missing Helm repo: chartmuseum.jenkins-x.io http://chartmuseum.jenkins-x.io
WARNING: No secrets found on "helm/repos" due: reading the secret "helm/repos" from vault: no secret "helm/repos" not found in vault
Read credentials for http://chartmuseum.jenkins-x.io from vault helm/repos
Successfully added Helm repository chartmuseum.jenkins-x.io.

Showing logs for build [32mcb-kubecd-bdd-spring-1582439341-w6ggq-1[0m stage [32mfrom-build-pack[0m and container [32mstep-promote-jx-preview[0m
Creating a preview
Created environment cb-kubecd-bdd-spring-1582439341-pr-1
Namespace **-cb-kubecd-bdd-spring-1582439341-pr-1 created 
expose:
  Annotations:
    helm.sh/hook: post-install,post-upgrade
    helm.sh/hook-delete-policy: hook-succeeded
  config:
    domain: c**d2.bdd.jenkins-x.rocks
    exposer: Ingress
    http: "true"
preview:
  image:
    repository: gcr.io/jenkins-x-bdd3/bdd-spring-1582439341
    tag: 0.0.0-SNAPSHOT-PR-1-1

Updating PipelineActivities cb-kubecd-bdd-spring-1582439341-pr-1-1 which has status Running
WARNING: preview application http://bdd-spring-1582439341.**-cb-kubecd-bdd-spring-1582439341-pr-1.c**d2.bdd.jenkins-x.rocks not available, error was Get http://bdd-spring-1582439341.**-cb-kubecd-bdd-spring-1582439341-pr-1.c**d2.bdd.jenkins-x.rocks: dial tcp: lookup bdd-spring-1582439341.**-cb-kubecd-bdd-spring-1582439341-pr-1.c**d2.bdd.jenkins-x.rocks on 10.51.240.10:53: no such host, delaying for: 525.193959ms
WARNING: preview application http://bdd-spring-1582439341.**-cb-kubecd-bdd-spring-1582439341-pr-1.c**d2.bdd.jenkins-x.rocks not available, error was Get http://bdd-spring-1582439341.**-cb-kubecd-bdd-spring-1582439341-pr-1.c**d2.bdd.jenkins-x.rocks: dial tcp: lookup bdd-spring-1582439341.**-cb-kubecd-bdd-spring-1582439341-pr-1.c**d2.bdd.jenkins-x.rocks on 10.51.240.10:53: no such host, delaying for: 1.339876499s
WARNING: preview application http://bdd-spring-1582439341.**-cb-kubecd-bdd-spring-1582439341-pr-1.c**d2.bdd.jenkins-x.rocks not available, error was Get http://bdd-spring-1582439341.**-cb-kubecd-bdd-spring-1582439341-pr-1.c**d2.bdd.jenkins-x.rocks: dial tcp: lookup bdd-spring-1582439341.**-cb-kubecd-bdd-spring-1582439341-pr-1.c**d2.bdd.jenkins-x.rocks on 10.51.240.10:53: no such host, delaying for: 1.850874036s
WARNING: preview application http://bdd-spring-1582439341.**-cb-kubecd-bdd-spring-1582439341-pr-1.c**d2.bdd.jenkins-x.rocks not available, error was Get http://bdd-spring-1582439341.**-cb-kubecd-bdd-spring-1582439341-pr-1.c**d2.bdd.jenkins-x.rocks: dial tcp: lookup bdd-spring-1582439341.**-cb-kubecd-bdd-spring-1582439341-pr-1.c**d2.bdd.jenkins-x.rocks on 10.51.240.10:53: no such host, delaying for: 2.933252018s
WARNING: preview application http://bdd-spring-1582439341.**-cb-kubecd-bdd-spring-1582439341-pr-1.c**d2.bdd.jenkins-x.rocks not available, error was Get http://bdd-spring-1582439341.**-cb-kubecd-bdd-spring-1582439341-pr-1.c**d2.bdd.jenkins-x.rocks: dial tcp: lookup bdd-spring-1582439341.**-cb-kubecd-bdd-spring-1582439341-pr-1.c**d2.bdd.jenkins-x.rocks on 10.51.240.10:53: no such host, delaying for: 2.824501689s
WARNING: preview application http://bdd-spring-1582439341.**-cb-kubecd-bdd-spring-1582439341-pr-1.c**d2.bdd.jenkins-x.rocks not available, error was Get http://bdd-spring-1582439341.**-cb-kubecd-bdd-spring-1582439341-pr-1.c**d2.bdd.jenkins-x.rocks: dial tcp: lookup bdd-spring-1582439341.**-cb-kubecd-bdd-spring-1582439341-pr-1.c**d2.bdd.jenkins-x.rocks on 10.51.240.10:53: no such host, delaying for: 10.974447712s
WARNING: preview application http://bdd-spring-1582439341.**-cb-kubecd-bdd-spring-1582439341-pr-1.c**d2.bdd.jenkins-x.rocks not available, error was Get http://bdd-spring-1582439341.**-cb-kubecd-bdd-spring-1582439341-pr-1.c**d2.bdd.jenkins-x.rocks: dial tcp: lookup bdd-spring-1582439341.**-cb-kubecd-bdd-spring-1582439341-pr-1.c**d2.bdd.jenkins-x.rocks on 10.51.240.10:53: no such host, delaying for: 10.256486862s
WARNING: preview application http://bdd-spring-1582439341.**-cb-kubecd-bdd-spring-1582439341-pr-1.c**d2.bdd.jenkins-x.rocks not available, error was Get http://bdd-spring-1582439341.**-cb-kubecd-bdd-spring-1582439341-pr-1.c**d2.bdd.jenkins-x.rocks: dial tcp: lookup bdd-spring-1582439341.**-cb-kubecd-bdd-spring-1582439341-pr-1.c**d2.bdd.jenkins-x.rocks on 10.51.240.10:53: no such host, delaying for: 20.917101179s
WARNING: preview application http://bdd-spring-1582439341.**-cb-kubecd-bdd-spring-1582439341-pr-1.c**d2.bdd.jenkins-x.rocks not available, error was Get http://bdd-spring-1582439341.**-cb-kubecd-bdd-spring-1582439341-pr-1.c**d2.bdd.jenkins-x.rocks: dial tcp: lookup bdd-spring-1582439341.**-cb-kubecd-bdd-spring-1582439341-pr-1.c**d2.bdd.jenkins-x.rocks on 10.51.240.10:53: no such host, delaying for: 13.194462387s
WARNING: preview application http://bdd-spring-1582439341.**-cb-kubecd-bdd-spring-1582439341-pr-1.c**d2.bdd.jenkins-x.rocks not available, error was Get http://bdd-spring-1582439341.**-cb-kubecd-bdd-spring-1582439341-pr-1.c**d2.bdd.jenkins-x.rocks: dial tcp: lookup bdd-spring-1582439341.**-cb-kubecd-bdd-spring-1582439341-pr-1.c**d2.bdd.jenkins-x.rocks on 10.51.240.10:53: no such host, delaying for: 51.254294248s
WARNING: preview application http://bdd-spring-1582439341.**-cb-kubecd-bdd-spring-1582439341-pr-1.c**d2.bdd.jenkins-x.rocks not available, error was Get http://bdd-spring-1582439341.**-cb-kubecd-bdd-spring-1582439341-pr-1.c**d2.bdd.jenkins-x.rocks: dial tcp: lookup bdd-spring-1582439341.**-cb-kubecd-bdd-spring-1582439341-pr-1.c**d2.bdd.jenkins-x.rocks on 10.51.240.10:53: no such host, delaying for: 1m21.006476584s
WARNING: preview application http://bdd-spring-1582439341.**-cb-kubecd-bdd-spring-1582439341-pr-1.c**d2.bdd.jenkins-x.rocks not available, error was Get http://bdd-spring-1582439341.**-cb-kubecd-bdd-spring-1582439341-pr-1.c**d2.bdd.jenkins-x.rocks: dial tcp: lookup bdd-spring-1582439341.**-cb-kubecd-bdd-spring-1582439341-pr-1.c**d2.bdd.jenkins-x.rocks on 10.51.240.10:53: no such host, delaying for: 1m23.985007543s
WARNING: preview application http://bdd-spring-1582439341.**-cb-kubecd-bdd-spring-1582439341-pr-1.c**d2.bdd.jenkins-x.rocks not available, error was Get http://bdd-spring-1582439341.**-cb-kubecd-bdd-spring-1582439341-pr-1.c**d2.bdd.jenkins-x.rocks: dial tcp: lookup bdd-spring-1582439341.**-cb-kubecd-bdd-spring-1582439341-pr-1.c**d2.bdd.jenkins-x.rocks on 10.51.240.10:53: no such host, delaying for: 54.814859278s
Preview application is now available at: http://bdd-spring-1582439341.**-cb-kubecd-bdd-spring-1582439341-pr-1.c**d2.bdd.jenkins-x.rocks
